[2025-10-23 00:00:00] [SYSTEM] Initialisation des logs ALTER-LOLO[2025-10-23 21:39:35] [SYSTEM] === ÉVEIL D'ALTER-LOLO ===
[2025-10-23 21:39:35] [INFO] Permissions validées: 
[2025-10-23 21:39:35] [INFO] Début d'orchestration thérapeutique
[2025-10-23 21:39:35] [INFO] Invocation agent: vibration-checker
[2025-10-23 21:39:35] [INFO] Invocation agent: friction-detector
[2025-10-23 21:39:35] [WARNING] Ajustement harmonique nécessaire
[2025-10-23 21:39:35] [INFO] Invocation agent: harmony-builder
[2025-10-23 21:39:35] [HARMONY-BUILDER] Démarrage construction harmonique
[2025-10-23 21:39:35] [HARMONY-BUILDER] Mode diagnostique - Analyse des besoins harmoniques
[2025-10-23 21:39:35] [HARMONY-BUILDER] Qualité de résonance actuelle: 0.75
[2025-10-23 21:39:36] [HARMONY-BUILDER] Résonance acceptable - Système stable
[2025-10-23 21:39:36] [HARMONY-BUILDER] Fin construction harmonique
[2025-10-23 21:39:36] [SYSTEM] === ALTER-LOLO EN VEILLE ===
[2025-10-23 21:40:29] [SYSTEM] === ÉVEIL D'ALTER-LOLO ===
[2025-10-23 21:40:29] [INFO] Permissions validées: lire_manifestes, orchestrer_agents, ecrire_logs, modifier_etats, autonomie_complete
[2025-10-23 21:40:29] [INFO] Début d'orchestration thérapeutique
[2025-10-23 21:40:29] [INFO] Invocation agent: vibration-checker
[2025-10-23 21:40:29] [VIBRATION-CHECKER] Démarrage vérification vibratoire - Mode: scan
[2025-10-23 21:40:29] [VIBRATION-CHECKER] Scan des fréquences ambiantes
[2025-10-23 21:40:29] [VIBRATION-CHECKER] Fréquence détectée: 432Hz - Intensité: 0.14
[2025-10-23 21:40:30] [VIBRATION-CHECKER] Fréquence détectée: 417Hz - Intensité: 0.68
[2025-10-23 21:40:31] [VIBRATION-CHECKER] Fréquence détectée: 852Hz - Intensité: 0.55
[2025-10-23 21:40:32] [VIBRATION-CHECKER] Fréquence détectée: 417Hz - Intensité: 0.92
[2025-10-23 21:40:33] [VIBRATION-CHECKER] Fréquence détectée: 432Hz - Intensité: 0.45
[2025-10-23 21:40:34] [VIBRATION-CHECKER] Fréquence détectée: 852Hz - Intensité: 0.96
[2025-10-23 21:40:35] [VIBRATION-CHECKER] Fréquence détectée: 417Hz - Intensité: 0.57
[2025-10-23 21:40:36] [VIBRATION-CHECKER] Fréquence détectée: 963Hz - Intensité: 0.77
[2025-10-23 21:40:37] [VIBRATION-CHECKER] Fréquence détectée: 741Hz - Intensité: 0.59
[2025-10-23 21:40:38] [VIBRATION-CHECKER] Fréquence détectée: 417Hz - Intensité: 0.24
[2025-10-23 21:40:39] [VIBRATION-CHECKER] Fin vérification vibratoire
[2025-10-23 21:40:39] [INFO] Invocation agent: friction-detector
[2025-10-23 21:40:39] [WARNING] Ajustement harmonique nécessaire
[2025-10-23 21:40:39] [INFO] Invocation agent: harmony-builder
[2025-10-23 21:40:39] [HARMONY-BUILDER] Démarrage construction harmonique
[2025-10-23 21:40:39] [HARMONY-BUILDER] Mode AUTO - Ajustement automatique
[2025-10-23 21:40:39] [HARMONY-BUILDER] Frictions détectées - Harmonisation ciblée
[2025-10-23 21:40:39] [HARMONY-BUILDER] Application de la séquence harmonique
[2025-10-23 21:40:39] [HARMONY-BUILDER] Émission liberation: 396Hz pendant 2000ms
[2025-10-23 21:40:39] [HARMONY-BUILDER] Émission amour: 528Hz pendant 3000ms
[2025-10-23 21:40:40] [HARMONY-BUILDER] États des agents mis à jour
[2025-10-23 21:40:40] [HARMONY-BUILDER] Fin construction harmonique
[2025-10-23 21:40:40] [SYSTEM] === ALTER-LOLO EN VEILLE ===
[2025-10-23 21:41:23] [SYSTEM] === ÉVEIL D'ALTER-LOLO ===
[2025-10-23 21:41:23] [INFO] Permissions validées: lire_manifestes, orchestrer_agents, ecrire_logs, modifier_etats, autonomie_complete
[2025-10-23 21:41:23] [INFO] Début d'orchestration thérapeutique
[2025-10-23 21:41:23] [INFO] Invocation agent: vibration-checker
[2025-10-23 21:41:23] [VIBRATION-CHECKER] Démarrage vérification vibratoire - Mode: scan
[2025-10-23 21:41:23] [VIBRATION-CHECKER] Scan des fréquences ambiantes
[2025-10-23 21:41:23] [VIBRATION-CHECKER] Fréquence détectée: 741Hz - Intensité: 0.74
[2025-10-23 21:41:24] [VIBRATION-CHECKER] Fréquence détectée: 852Hz - Intensité: 0.84
[2025-10-23 21:41:25] [VIBRATION-CHECKER] Fréquence détectée: 963Hz - Intensité: 0.99
[2025-10-23 21:41:26] [VIBRATION-CHECKER] Fréquence détectée: 963Hz - Intensité: 0.7
[2025-10-23 21:41:27] [VIBRATION-CHECKER] Fréquence détectée: 417Hz - Intensité: 0.62
[2025-10-23 21:41:28] [VIBRATION-CHECKER] Fréquence détectée: 396Hz - Intensité: 0.28
[2025-10-23 21:41:29] [VIBRATION-CHECKER] Fréquence détectée: 432Hz - Intensité: 1
[2025-10-23 21:41:30] [VIBRATION-CHECKER] Fréquence détectée: 417Hz - Intensité: 0.94
[2025-10-23 21:41:31] [VIBRATION-CHECKER] Fréquence détectée: 396Hz - Intensité: 0.57
[2025-10-23 21:41:32] [VIBRATION-CHECKER] Fréquence détectée: 432Hz - Intensité: 0.68
[2025-10-23 21:41:33] [VIBRATION-CHECKER] Fin vérification vibratoire
[2025-10-23 21:41:33] [INFO] Invocation agent: friction-detector
[2025-10-23 21:41:34] [SUCCESS] Résonance globale OPTIMALE
[2025-10-23 21:41:34] [SYSTEM] === ALTER-LOLO EN VEILLE ===
[2025-10-23 21:41:49] [SYSTEM] === ÉVEIL D'ALTER-LOLO ===
[2025-10-23 21:41:49] [INFO] Permissions validées: lire_manifestes, orchestrer_agents, ecrire_logs, modifier_etats, autonomie_complete
[2025-10-23 21:41:49] [INFO] Début d'orchestration thérapeutique
[2025-10-23 21:41:49] [INFO] Invocation agent: vibration-checker
[2025-10-23 21:41:49] [VIBRATION-CHECKER] Démarrage vérification vibratoire - Mode: scan
[2025-10-23 21:41:49] [VIBRATION-CHECKER] Scan des fréquences ambiantes
[2025-10-23 21:41:49] [VIBRATION-CHECKER] Fréquence détectée: 396Hz - Intensité: 0.83
[2025-10-23 21:41:50] [VIBRATION-CHECKER] Fréquence détectée: 528Hz - Intensité: 0.93
[2025-10-23 21:41:51] [VIBRATION-CHECKER] Fréquence détectée: 963Hz - Intensité: 0.93
[2025-10-23 21:41:52] [VIBRATION-CHECKER] Fréquence détectée: 417Hz - Intensité: 0.52
[2025-10-23 21:41:53] [VIBRATION-CHECKER] Fréquence détectée: 396Hz - Intensité: 0.3
[2025-10-23 21:41:54] [VIBRATION-CHECKER] Fréquence détectée: 963Hz - Intensité: 0.97
[2025-10-23 21:41:55] [VIBRATION-CHECKER] Fréquence détectée: 417Hz - Intensité: 0.66
[2025-10-23 21:41:56] [VIBRATION-CHECKER] Fréquence détectée: 417Hz - Intensité: 0.24
[2025-10-23 21:41:57] [VIBRATION-CHECKER] Fréquence détectée: 852Hz - Intensité: 0.57
[2025-10-23 21:41:58] [VIBRATION-CHECKER] Fréquence détectée: 963Hz - Intensité: 0.85
[2025-10-23 21:41:59] [VIBRATION-CHECKER] Fin vérification vibratoire
[2025-10-23 21:41:59] [INFO] Invocation agent: friction-detector
[2025-10-23 21:41:59] [SUCCESS] Résonance globale OPTIMALE
[2025-10-23 21:41:59] [SYSTEM] === ALTER-LOLO EN VEILLE ===
[2025-10-23 21:42:05] [VIBRATION-CHECKER] Démarrage vérification vibratoire - Mode: scan
[2025-10-23 21:42:05] [VIBRATION-CHECKER] Scan des fréquences ambiantes
[2025-10-23 21:42:05] [VIBRATION-CHECKER] Fréquence détectée: 432Hz - Intensité: 0.77
[2025-10-23 21:42:06] [VIBRATION-CHECKER] Fréquence détectée: 528Hz - Intensité: 0.33
[2025-10-23 21:42:07] [VIBRATION-CHECKER] Fréquence détectée: 852Hz - Intensité: 0.64
[2025-10-23 21:42:08] [VIBRATION-CHECKER] Fin vérification vibratoire
[2025-10-23 22:15:20] [SYSTEM] === ÉVEIL D'ALTER-LOLO ===
[2025-10-23 22:15:20] [INFO] Permissions validées: lire_manifestes, orchestrer_agents, ecrire_logs, modifier_etats, autonomie_complete
[2025-10-23 22:15:20] [INFO] Début d'orchestration thérapeutique
[2025-10-23 22:15:20] [INFO] Invocation agent: vibration-checker
[2025-10-23 22:15:20] [VIBRATION-CHECKER] Démarrage vérification vibratoire - Mode: scan
[2025-10-23 22:15:20] [VIBRATION-CHECKER] Scan des fréquences ambiantes
[2025-10-23 22:15:20] [VIBRATION-CHECKER] Fréquence détectée: 417Hz - Intensité: 0.25
[2025-10-23 22:15:21] [VIBRATION-CHECKER] Fréquence détectée: 417Hz - Intensité: 0.92
[2025-10-23 22:15:22] [VIBRATION-CHECKER] Fréquence détectée: 417Hz - Intensité: 0.95
[2025-10-23 22:15:23] [VIBRATION-CHECKER] Fréquence détectée: 432Hz - Intensité: 0.95
[2025-10-23 22:15:24] [VIBRATION-CHECKER] Fréquence détectée: 852Hz - Intensité: 0.13
[2025-10-23 22:15:25] [VIBRATION-CHECKER] Fréquence détectée: 432Hz - Intensité: 0.92
[2025-10-23 22:15:26] [VIBRATION-CHECKER] Fréquence détectée: 963Hz - Intensité: 0.91
[2025-10-23 22:15:27] [VIBRATION-CHECKER] Fréquence détectée: 963Hz - Intensité: 0.67
[2025-10-23 22:15:28] [VIBRATION-CHECKER] Fréquence détectée: 741Hz - Intensité: 0.69
[2025-10-23 22:15:29] [VIBRATION-CHECKER] Fréquence détectée: 852Hz - Intensité: 0.92
[2025-10-23 22:15:30] [VIBRATION-CHECKER] Fin vérification vibratoire
[2025-10-23 22:15:30] [INFO] Invocation agent: friction-detector
[2025-10-23 22:15:30] [SUCCESS] Résonance globale OPTIMALE
[2025-10-23 22:15:30] [SYSTEM] === ALTER-LOLO EN VEILLE ===
[2025-10-23 22:17:02] [SYSTEM] === ÉVEIL D'ALTER-LOLO ===
[2025-10-23 22:17:02] [INFO] Permissions validées: lire_manifestes, orchestrer_agents, ecrire_logs, modifier_etats, autonomie_complete
[2025-10-23 22:17:02] [INFO] Début d'orchestration thérapeutique
[2025-10-23 22:17:02] [INFO] Invocation agent: vibration-checker
[2025-10-23 22:17:02] [VIBRATION-CHECKER] Démarrage vérification vibratoire - Mode: scan
[2025-10-23 22:17:02] [VIBRATION-CHECKER] Scan des fréquences ambiantes
[2025-10-23 22:17:02] [VIBRATION-CHECKER] Fréquence détectée: 396Hz - Intensité: 0.3
[2025-10-23 22:17:03] [VIBRATION-CHECKER] Fréquence détectée: 528Hz - Intensité: 0.22
[2025-10-23 22:17:04] [VIBRATION-CHECKER] Fréquence détectée: 852Hz - Intensité: 0.57
[2025-10-23 22:17:05] [VIBRATION-CHECKER] Fréquence détectée: 741Hz - Intensité: 0.85
[2025-10-23 22:17:06] [VIBRATION-CHECKER] Fréquence détectée: 528Hz - Intensité: 0.59
[2025-10-23 22:17:07] [VIBRATION-CHECKER] Fréquence détectée: 417Hz - Intensité: 0.77
[2025-10-23 22:17:08] [VIBRATION-CHECKER] Fréquence détectée: 963Hz - Intensité: 0.19
[2025-10-23 22:17:09] [VIBRATION-CHECKER] Fréquence détectée: 417Hz - Intensité: 0.97
[2025-10-23 22:17:10] [VIBRATION-CHECKER] Fréquence détectée: 432Hz - Intensité: 0.4
[2025-10-23 22:17:11] [VIBRATION-CHECKER] Fréquence détectée: 528Hz - Intensité: 0.11
[2025-10-23 22:17:12] [VIBRATION-CHECKER] Fin vérification vibratoire
[2025-10-23 22:17:12] [INFO] Invocation agent: friction-detector
[2025-10-23 22:17:12] [SUCCESS] Résonance globale OPTIMALE
[2025-10-23 22:17:12] [SYSTEM] === ALTER-LOLO EN VEILLE ===
[2025-10-23 22:19:12] [SYSTEM] === ÉVEIL D'ALTER-LOLO ===
[2025-10-23 22:19:12] [INFO] Permissions validées: lire_manifestes, orchestrer_agents, ecrire_logs, modifier_etats, autonomie_complete
[2025-10-23 22:19:12] [INFO] Début d'orchestration thérapeutique
[2025-10-23 22:19:12] [INFO] Invocation agent: vibration-checker
[2025-10-23 22:19:12] [VIBRATION-CHECKER] Démarrage vérification vibratoire - Mode: scan
[2025-10-23 22:19:12] [VIBRATION-CHECKER] Scan des fréquences ambiantes
[2025-10-23 22:19:12] [VIBRATION-CHECKER] Fréquence détectée: 528Hz - Intensité: 0.46
[2025-10-23 22:19:13] [VIBRATION-CHECKER] Fréquence détectée: 852Hz - Intensité: 0.74
[2025-10-23 22:19:14] [VIBRATION-CHECKER] Fréquence détectée: 417Hz - Intensité: 0.29
[2025-10-23 22:19:15] [VIBRATION-CHECKER] Fréquence détectée: 741Hz - Intensité: 0.52
[2025-10-23 22:19:16] [VIBRATION-CHECKER] Fréquence détectée: 432Hz - Intensité: 0.61
[2025-10-23 22:19:17] [VIBRATION-CHECKER] Fréquence détectée: 963Hz - Intensité: 0.27
[2025-10-23 22:19:18] [VIBRATION-CHECKER] Fréquence détectée: 417Hz - Intensité: 0.27
[2025-10-23 22:19:19] [VIBRATION-CHECKER] Fréquence détectée: 432Hz - Intensité: 0.39
[2025-10-23 22:19:20] [VIBRATION-CHECKER] Fréquence détectée: 852Hz - Intensité: 0.71
[2025-10-23 22:19:21] [VIBRATION-CHECKER] Fréquence détectée: 417Hz - Intensité: 0.19
[2025-10-23 22:19:22] [VIBRATION-CHECKER] Fin vérification vibratoire
[2025-10-23 22:19:22] [INFO] Invocation agent: friction-detector
[2025-10-23 22:19:22] [SUCCESS] Résonance globale OPTIMALE
[2025-10-23 22:19:22] [SYSTEM] === ALTER-LOLO EN VEILLE ===
[2025-10-23 22:24:54] [SYSTEM] === ÉVEIL D'ALTER-LOLO ===
[2025-10-23 22:24:54] [INFO] Permissions validées: lire_manifestes, orchestrer_agents, ecrire_logs, modifier_etats, autonomie_complete
[2025-10-23 22:24:54] [INFO] Diagnostic de l'écosystème
[2025-10-23 22:24:54] [INFO] Invocation agent: vibration-checker
[2025-10-23 22:24:54] [VIBRATION-CHECKER] Démarrage vérification vibratoire - Mode: diagnostic
[2025-10-23 22:24:54] [VIBRATION-CHECKER] Diagnostic complet des vibrations
[2025-10-23 22:24:54] [VIBRATION-CHECKER] Dernière mesure: Fréq=528Hz, Qualité=0.85
[2025-10-23 22:24:54] [VIBRATION-CHECKER] Fin vérification vibratoire
[2025-10-23 22:24:54] [INFO] Invocation agent: friction-detector
[2025-10-23 22:24:55] [SYSTEM] === ALTER-LOLO EN VEILLE ===
[2025-10-23 22:25:30] [SYSTEM] === ÉVEIL D'ALTER-LOLO ===
[2025-10-23 22:25:30] [INFO] Permissions validées: lire_manifestes, orchestrer_agents, ecrire_logs, modifier_etats, autonomie_complete
[2025-10-23 22:25:30] [INFO] Diagnostic de l'écosystème
[2025-10-23 22:25:30] [INFO] Invocation agent: vibration-checker
[2025-10-23 22:25:30] [VIBRATION-CHECKER] Démarrage vérification vibratoire - Mode: diagnostic
[2025-10-23 22:25:30] [VIBRATION-CHECKER] Diagnostic complet des vibrations
[2025-10-23 22:25:30] [VIBRATION-CHECKER] Dernière mesure: Fréq=528Hz, Qualité=0.85
[2025-10-23 22:25:30] [VIBRATION-CHECKER] Fin vérification vibratoire
[2025-10-23 22:25:30] [INFO] Invocation agent: friction-detector
[2025-10-23 22:25:30] [SYSTEM] === ALTER-LOLO EN VEILLE ===
[2025-10-23 22:27:53] [SYSTEM] === ÉVEIL D'ALTER-LOLO ===
[2025-10-23 22:27:53] [INFO] Permissions validées: lire_manifestes, orchestrer_agents, ecrire_logs, modifier_etats, autonomie_complete
[2025-10-23 22:27:53] [INFO] Diagnostic de l'écosystème
[2025-10-23 22:27:53] [INFO] Invocation agent: vibration-checker
[2025-10-23 22:27:53] [VIBRATION-CHECKER] Démarrage vérification vibratoire - Mode: diagnostic
[2025-10-23 22:27:53] [VIBRATION-CHECKER] Diagnostic complet des vibrations
[2025-10-23 22:27:53] [VIBRATION-CHECKER] Fin vérification vibratoire
[2025-10-23 22:27:53] [INFO] Invocation agent: friction-detector
[2025-10-23 22:27:53] [SYSTEM] === ALTER-LOLO EN VEILLE ===
[2025-10-23 22:34:42] [SYSTEM] === ÉVEIL D'ALTER-LOLO ===
[2025-10-23 22:34:42] [INFO] Permissions validées: lire_manifestes, orchestrer_agents, ecrire_logs, modifier_etats, autonomie_complete
[2025-10-23 22:34:42] [INFO] Début d'orchestration thérapeutique
[2025-10-23 22:34:42] [VIBRATION-CHECKER] Démarrage vérification vibratoire - Mode: scan
[2025-10-23 22:34:42] [VIBRATION-CHECKER] Scan des fréquences ambiantes
[2025-10-23 22:34:42] [VIBRATION-CHECKER] Fréquence détectée: 417Hz - Intensité: 0.42
[2025-10-23 22:34:42] [VIBRATION-CHECKER] Fréquence détectée: 528Hz - Intensité: 0.14
[2025-10-23 22:34:42] [VIBRATION-CHECKER] Fréquence détectée: 396Hz - Intensité: 1.0
[2025-10-23 22:34:42] [VIBRATION-CHECKER] Fin vérification vibratoire
[2025-10-23 22:34:42] [FRICTION-DETECTOR] Démarrage détection frictions - Seuil: 0.3
[2025-10-23 22:34:42] [FRICTION-DETECTOR] FRICTION [emotionnel]: Niveau 0.82 - Expression créative ou dialogue bienveillant
[2025-10-23 22:34:42] [FRICTION-DETECTOR] FRICTION [physique]: Niveau 0.42 - Mouvement doux ou étirement
[2025-10-23 22:34:42] [FRICTION-DETECTOR] FRICTION [social]: Niveau 0.47 - Communication authentique ou retrait temporaire
[2025-10-23 22:34:42] [SUCCESS] Résonance globale OPTIMALE
[2025-10-23 22:34:42] [SYSTEM] === ALTER-LOLO EN VEILLE ===
